{"/home/riya/social-monitoring/src/App.js": {"path":"/home/riya/social-monitoring/src/App.js","statementMap":{"0":{"start":{"line":10,"column":2},"end":{"line":27,"column":4}}},"fnMap":{"0":{"name":"App","decl":{"start":{"line":8,"column":9},"end":{"line":8,"column":12}},"loc":{"start":{"line":8,"column":20},"end":{"line":28,"column":1}},"line":8}},"branchMap":{"0":{"loc":{"start":{"line":12,"column":7},"end":{"line":23,"column":7}},"type":"cond-expr","locations":[{"start":{"line":14,"column":8},"end":{"line":17,"column":14}},{"start":{"line":19,"column":8},"end":{"line":22,"column":14}}],"line":12},"1":{"loc":{"start":{"line":12,"column":7},"end":{"line":13,"column":45}},"type":"binary-expr","locations":[{"start":{"line":12,"column":7},"end":{"line":12,"column":43}},{"start":{"line":12,"column":47},"end":{"line":12,"column":78}},{"start":{"line":13,"column":8},"end":{"line":13,"column":45}}],"line":12},"2":{"loc":{"start":{"line":20,"column":11},"end":{"line":21,"column":66}},"type":"cond-expr","locations":[{"start":{"line":20,"column":32},"end":{"line":21,"column":34}},{"start":{"line":21,"column":38},"end":{"line":21,"column":66}}],"line":20}},"s":{"0":1},"f":{"0":1},"b":{"0":[1,0],"1":[1,1,0],"2":[0,0]},"_coverageSchema":"1a1c01bbd47fc00a2c39e90264f33305004495a9","hash":"9c1287c56171b5fb953f2a271814474930825516"}
,"/home/riya/social-monitoring/src/components/Home.js": {"path":"/home/riya/social-monitoring/src/components/Home.js","statementMap":{"0":{"start":{"line":4,"column":13},"end":{"line":17,"column":1}},"1":{"start":{"line":5,"column":4},"end":{"line":16,"column":5}}},"fnMap":{"0":{"name":"(anonymous_0)","decl":{"start":{"line":4,"column":13},"end":{"line":4,"column":14}},"loc":{"start":{"line":4,"column":19},"end":{"line":17,"column":1}},"line":4}},"branchMap":{},"s":{"0":0,"1":0},"f":{"0":0},"b":{}}
,"/home/riya/social-monitoring/src/components/Auth/Login.js": {"path":"/home/riya/social-monitoring/src/components/Auth/Login.js","statementMap":{"0":{"start":{"line":17,"column":14},"end":{"line":109,"column":1}},"1":{"start":{"line":18,"column":34},"end":{"line":18,"column":68}},"2":{"start":{"line":19,"column":26},"end":{"line":22,"column":4}},"3":{"start":{"line":24,"column":17},"end":{"line":32,"column":4}},"4":{"start":{"line":24,"column":30},"end":{"line":32,"column":4}},"5":{"start":{"line":34,"column":38},"end":{"line":34,"column":63}},"6":{"start":{"line":36,"column":2},"end":{"line":41,"column":17}},"7":{"start":{"line":37,"column":4},"end":{"line":40,"column":14}},"8":{"start":{"line":38,"column":23},"end":{"line":38,"column":47}},"9":{"start":{"line":39,"column":6},"end":{"line":39,"column":55}},"10":{"start":{"line":39,"column":33},"end":{"line":39,"column":55}},"11":{"start":{"line":43,"column":2},"end":{"line":47,"column":23}},"12":{"start":{"line":44,"column":4},"end":{"line":46,"column":5}},"13":{"start":{"line":45,"column":6},"end":{"line":45,"column":29}},"14":{"start":{"line":49,"column":19},"end":{"line":55,"column":3}},"15":{"start":{"line":50,"column":4},"end":{"line":50,"column":24}},"16":{"start":{"line":51,"column":4},"end":{"line":54,"column":6}},"17":{"start":{"line":57,"column":17},"end":{"line":60,"column":3}},"18":{"start":{"line":58,"column":4},"end":{"line":58,"column":23}},"19":{"start":{"line":59,"column":4},"end":{"line":59,"column":30}},"20":{"start":{"line":63,"column":2},"end":{"line":108,"column":8}},"21":{"start":{"line":76,"column":159},"end":{"line":76,"column":170}},"22":{"start":{"line":80,"column":171},"end":{"line":80,"column":182}},"23":{"start":{"line":84,"column":194},"end":{"line":84,"column":203}}},"fnMap":{"0":{"name":"(anonymous_0)","decl":{"start":{"line":17,"column":14},"end":{"line":17,"column":15}},"loc":{"start":{"line":17,"column":20},"end":{"line":109,"column":1}},"line":17},"1":{"name":"(anonymous_1)","decl":{"start":{"line":24,"column":17},"end":{"line":24,"column":18}},"loc":{"start":{"line":24,"column":30},"end":{"line":32,"column":4}},"line":24},"2":{"name":"(anonymous_2)","decl":{"start":{"line":36,"column":12},"end":{"line":36,"column":13}},"loc":{"start":{"line":36,"column":18},"end":{"line":41,"column":3}},"line":36},"3":{"name":"(anonymous_3)","decl":{"start":{"line":37,"column":38},"end":{"line":37,"column":39}},"loc":{"start":{"line":37,"column":44},"end":{"line":40,"column":5}},"line":37},"4":{"name":"(anonymous_4)","decl":{"start":{"line":43,"column":12},"end":{"line":43,"column":13}},"loc":{"start":{"line":43,"column":18},"end":{"line":47,"column":3}},"line":43},"5":{"name":"(anonymous_5)","decl":{"start":{"line":49,"column":19},"end":{"line":49,"column":20}},"loc":{"start":{"line":49,"column":26},"end":{"line":55,"column":3}},"line":49},"6":{"name":"(anonymous_6)","decl":{"start":{"line":57,"column":17},"end":{"line":57,"column":18}},"loc":{"start":{"line":57,"column":24},"end":{"line":60,"column":3}},"line":57},"7":{"name":"(anonymous_7)","decl":{"start":{"line":76,"column":152},"end":{"line":76,"column":153}},"loc":{"start":{"line":76,"column":159},"end":{"line":76,"column":170}},"line":76},"8":{"name":"(anonymous_8)","decl":{"start":{"line":80,"column":164},"end":{"line":80,"column":165}},"loc":{"start":{"line":80,"column":171},"end":{"line":80,"column":182}},"line":80},"9":{"name":"(anonymous_9)","decl":{"start":{"line":84,"column":187},"end":{"line":84,"column":188}},"loc":{"start":{"line":84,"column":194},"end":{"line":84,"column":203}},"line":84}},"branchMap":{"0":{"loc":{"start":{"line":39,"column":6},"end":{"line":39,"column":55}},"type":"if","locations":[{"start":{"line":39,"column":6},"end":{"line":39,"column":55}},{"start":{"line":39,"column":6},"end":{"line":39,"column":55}}],"line":39},"1":{"loc":{"start":{"line":44,"column":4},"end":{"line":46,"column":5}},"type":"if","locations":[{"start":{"line":44,"column":4},"end":{"line":46,"column":5}},{"start":{"line":44,"column":4},"end":{"line":46,"column":5}}],"line":44},"2":{"loc":{"start":{"line":69,"column":9},"end":{"line":69,"column":90}},"type":"binary-expr","locations":[{"start":{"line":69,"column":9},"end":{"line":69,"column":18}},{"start":{"line":69,"column":22},"end":{"line":69,"column":90}}],"line":69},"3":{"loc":{"start":{"line":70,"column":42},"end":{"line":70,"column":91}},"type":"cond-expr","locations":[{"start":{"line":70,"column":53},"end":{"line":70,"column":70}},{"start":{"line":70,"column":73},"end":{"line":70,"column":91}}],"line":70},"4":{"loc":{"start":{"line":84,"column":66},"end":{"line":84,"column":95}},"type":"binary-expr","locations":[{"start":{"line":84,"column":66},"end":{"line":84,"column":77}},{"start":{"line":84,"column":81},"end":{"line":84,"column":95}}],"line":84},"5":{"loc":{"start":{"line":84,"column":123},"end":{"line":84,"column":174}},"type":"cond-expr","locations":[{"start":{"line":84,"column":155},"end":{"line":84,"column":164}},{"start":{"line":84,"column":167},"end":{"line":84,"column":174}}],"line":84},"6":{"loc":{"start":{"line":84,"column":123},"end":{"line":84,"column":152}},"type":"binary-expr","locations":[{"start":{"line":84,"column":123},"end":{"line":84,"column":134}},{"start":{"line":84,"column":138},"end":{"line":84,"column":152}}],"line":84}},"s":{"0":1,"1":3,"2":3,"3":3,"4":0,"5":3,"6":3,"7":2,"8":0,"9":0,"10":0,"11":3,"12":2,"13":0,"14":3,"15":1,"16":1,"17":3,"18":0,"19":0,"20":3,"21":0,"22":1,"23":0},"f":{"0":3,"1":0,"2":2,"3":0,"4":2,"5":1,"6":0,"7":0,"8":1,"9":0},"b":{"0":[0,0],"1":[0,2],"2":[3,0],"3":[3,0],"4":[3,0],"5":[3,0],"6":[3,0]},"_coverageSchema":"1a1c01bbd47fc00a2c39e90264f33305004495a9","hash":"84130a87f4f11c06fe54ced5f44538f587cd1a66"}
,"/home/riya/social-monitoring/src/components/Dashboard/index.js": {"path":"/home/riya/social-monitoring/src/components/Dashboard/index.js","statementMap":{"0":{"start":{"line":17,"column":18},"end":{"line":85,"column":1}},"1":{"start":{"line":18,"column":54},"end":{"line":18,"column":79}},"2":{"start":{"line":19,"column":2},"end":{"line":19,"column":51}},"3":{"start":{"line":21,"column":2},"end":{"line":23,"column":8}},"4":{"start":{"line":22,"column":4},"end":{"line":22,"column":31}},"5":{"start":{"line":25,"column":2},"end":{"line":40,"column":31}},"6":{"start":{"line":26,"column":4},"end":{"line":26,"column":61}},"7":{"start":{"line":35,"column":4},"end":{"line":35,"column":52}},"8":{"start":{"line":36,"column":4},"end":{"line":36,"column":56}},"9":{"start":{"line":37,"column":4},"end":{"line":37,"column":57}},"10":{"start":{"line":38,"column":4},"end":{"line":38,"column":57}},"11":{"start":{"line":39,"column":4},"end":{"line":39,"column":61}},"12":{"start":{"line":42,"column":2},"end":{"line":82,"column":8}}},"fnMap":{"0":{"name":"(anonymous_0)","decl":{"start":{"line":17,"column":18},"end":{"line":17,"column":19}},"loc":{"start":{"line":17,"column":24},"end":{"line":85,"column":1}},"line":17},"1":{"name":"(anonymous_1)","decl":{"start":{"line":21,"column":12},"end":{"line":21,"column":13}},"loc":{"start":{"line":21,"column":18},"end":{"line":23,"column":3}},"line":21},"2":{"name":"(anonymous_2)","decl":{"start":{"line":25,"column":12},"end":{"line":25,"column":13}},"loc":{"start":{"line":25,"column":18},"end":{"line":40,"column":3}},"line":25}},"branchMap":{"0":{"loc":{"start":{"line":44,"column":5},"end":{"line":79,"column":12}},"type":"cond-expr","locations":[{"start":{"line":47,"column":9},"end":{"line":68,"column":12}},{"start":{"line":70,"column":6},"end":{"line":79,"column":12}}],"line":44},"1":{"loc":{"start":{"line":44,"column":6},"end":{"line":46,"column":91}},"type":"binary-expr","locations":[{"start":{"line":44,"column":6},"end":{"line":44,"column":46}},{"start":{"line":44,"column":50},"end":{"line":44,"column":96}},{"start":{"line":45,"column":6},"end":{"line":45,"column":51}},{"start":{"line":45,"column":55},"end":{"line":45,"column":91}},{"start":{"line":46,"column":6},"end":{"line":46,"column":47}},{"start":{"line":46,"column":51},"end":{"line":46,"column":91}}],"line":44}},"s":{"0":1,"1":1,"2":1,"3":1,"4":1,"5":1,"6":1,"7":1,"8":1,"9":1,"10":1,"11":1,"12":1},"f":{"0":1,"1":1,"2":1},"b":{"0":[0,1],"1":[1,0,0,0,0,0]},"_coverageSchema":"1a1c01bbd47fc00a2c39e90264f33305004495a9","hash":"81167bf42395807180e972ac0992aa8a2ec2d5e8"}
,"/home/riya/social-monitoring/src/components/Dashboard/Buzz/BuzzBody.js": {"path":"/home/riya/social-monitoring/src/components/Dashboard/Buzz/BuzzBody.js","statementMap":{"0":{"start":{"line":12,"column":23},"end":{"line":21,"column":5}},"1":{"start":{"line":13,"column":8},"end":{"line":20,"column":9}},"2":{"start":{"line":15,"column":16},"end":{"line":15,"column":30}},"3":{"start":{"line":17,"column":16},"end":{"line":17,"column":31}},"4":{"start":{"line":19,"column":16},"end":{"line":19,"column":31}},"5":{"start":{"line":22,"column":4},"end":{"line":38,"column":6}}},"fnMap":{"0":{"name":"BuzzBody","decl":{"start":{"line":11,"column":24},"end":{"line":11,"column":32}},"loc":{"start":{"line":11,"column":43},"end":{"line":39,"column":1}},"line":11},"1":{"name":"(anonymous_1)","decl":{"start":{"line":12,"column":23},"end":{"line":12,"column":24}},"loc":{"start":{"line":12,"column":32},"end":{"line":21,"column":5}},"line":12}},"branchMap":{"0":{"loc":{"start":{"line":13,"column":8},"end":{"line":20,"column":9}},"type":"switch","locations":[{"start":{"line":14,"column":12},"end":{"line":15,"column":30}},{"start":{"line":16,"column":12},"end":{"line":17,"column":31}},{"start":{"line":18,"column":12},"end":{"line":19,"column":31}}],"line":13}},"s":{"0":0,"1":0,"2":0,"3":0,"4":0,"5":0},"f":{"0":0,"1":0},"b":{"0":[0,0,0]},"_coverageSchema":"1a1c01bbd47fc00a2c39e90264f33305004495a9","hash":"47c85922b1d4dc72bc07ce8fcda742567d0ea322"}
,"/home/riya/social-monitoring/src/components/Dashboard/Buzz/index.js": {"path":"/home/riya/social-monitoring/src/components/Dashboard/Buzz/index.js","statementMap":{"0":{"start":{"line":17,"column":30},"end":{"line":17,"column":45}},"1":{"start":{"line":19,"column":28},"end":{"line":21,"column":3}},"2":{"start":{"line":20,"column":4},"end":{"line":20,"column":21}},"3":{"start":{"line":23,"column":29},"end":{"line":23,"column":54}},"4":{"start":{"line":25,"column":2},"end":{"line":25,"column":53}},"5":{"start":{"line":27,"column":15},"end":{"line":27,"column":44}},"6":{"start":{"line":29,"column":2},"end":{"line":89,"column":4}},"7":{"start":{"line":47,"column":26},"end":{"line":47,"column":50}},"8":{"start":{"line":55,"column":26},"end":{"line":55,"column":53}},"9":{"start":{"line":63,"column":26},"end":{"line":63,"column":54}},"10":{"start":{"line":71,"column":26},"end":{"line":71,"column":54}},"11":{"start":{"line":79,"column":26},"end":{"line":79,"column":47}},"12":{"start":{"line":81,"column":31},"end":{"line":81,"column":51}},"13":{"start":{"line":81,"column":62},"end":{"line":81,"column":83}},"14":{"start":{"line":83,"column":33},"end":{"line":83,"column":54}},"15":{"start":{"line":83,"column":65},"end":{"line":83,"column":86}},"16":{"start":{"line":85,"column":35},"end":{"line":85,"column":56}},"17":{"start":{"line":85,"column":67},"end":{"line":85,"column":88}}},"fnMap":{"0":{"name":"Index","decl":{"start":{"line":16,"column":24},"end":{"line":16,"column":29}},"loc":{"start":{"line":16,"column":32},"end":{"line":90,"column":1}},"line":16},"1":{"name":"(anonymous_1)","decl":{"start":{"line":19,"column":28},"end":{"line":19,"column":29}},"loc":{"start":{"line":19,"column":37},"end":{"line":21,"column":3}},"line":19},"2":{"name":"(anonymous_2)","decl":{"start":{"line":47,"column":21},"end":{"line":47,"column":22}},"loc":{"start":{"line":47,"column":26},"end":{"line":47,"column":50}},"line":47},"3":{"name":"(anonymous_3)","decl":{"start":{"line":55,"column":21},"end":{"line":55,"column":22}},"loc":{"start":{"line":55,"column":26},"end":{"line":55,"column":53}},"line":55},"4":{"name":"(anonymous_4)","decl":{"start":{"line":63,"column":21},"end":{"line":63,"column":22}},"loc":{"start":{"line":63,"column":26},"end":{"line":63,"column":54}},"line":63},"5":{"name":"(anonymous_5)","decl":{"start":{"line":71,"column":21},"end":{"line":71,"column":22}},"loc":{"start":{"line":71,"column":26},"end":{"line":71,"column":54}},"line":71},"6":{"name":"(anonymous_6)","decl":{"start":{"line":79,"column":21},"end":{"line":79,"column":22}},"loc":{"start":{"line":79,"column":26},"end":{"line":79,"column":47}},"line":79},"7":{"name":"(anonymous_7)","decl":{"start":{"line":81,"column":26},"end":{"line":81,"column":27}},"loc":{"start":{"line":81,"column":31},"end":{"line":81,"column":51}},"line":81},"8":{"name":"(anonymous_8)","decl":{"start":{"line":81,"column":57},"end":{"line":81,"column":58}},"loc":{"start":{"line":81,"column":62},"end":{"line":81,"column":83}},"line":81},"9":{"name":"(anonymous_9)","decl":{"start":{"line":83,"column":28},"end":{"line":83,"column":29}},"loc":{"start":{"line":83,"column":33},"end":{"line":83,"column":54}},"line":83},"10":{"name":"(anonymous_10)","decl":{"start":{"line":83,"column":60},"end":{"line":83,"column":61}},"loc":{"start":{"line":83,"column":65},"end":{"line":83,"column":86}},"line":83},"11":{"name":"(anonymous_11)","decl":{"start":{"line":85,"column":30},"end":{"line":85,"column":31}},"loc":{"start":{"line":85,"column":35},"end":{"line":85,"column":56}},"line":85},"12":{"name":"(anonymous_12)","decl":{"start":{"line":85,"column":62},"end":{"line":85,"column":63}},"loc":{"start":{"line":85,"column":67},"end":{"line":85,"column":88}},"line":85}},"branchMap":{"0":{"loc":{"start":{"line":46,"column":23},"end":{"line":46,"column":78}},"type":"cond-expr","locations":[{"start":{"line":46,"column":42},"end":{"line":46,"column":67}},{"start":{"line":46,"column":70},"end":{"line":46,"column":78}}],"line":46},"1":{"loc":{"start":{"line":54,"column":23},"end":{"line":54,"column":74}},"type":"cond-expr","locations":[{"start":{"line":54,"column":45},"end":{"line":54,"column":63}},{"start":{"line":54,"column":66},"end":{"line":54,"column":74}}],"line":54},"2":{"loc":{"start":{"line":62,"column":23},"end":{"line":62,"column":75}},"type":"cond-expr","locations":[{"start":{"line":62,"column":46},"end":{"line":62,"column":64}},{"start":{"line":62,"column":67},"end":{"line":62,"column":75}}],"line":62},"3":{"loc":{"start":{"line":70,"column":23},"end":{"line":70,"column":75}},"type":"cond-expr","locations":[{"start":{"line":70,"column":46},"end":{"line":70,"column":64}},{"start":{"line":70,"column":67},"end":{"line":70,"column":75}}],"line":70},"4":{"loc":{"start":{"line":78,"column":9},"end":{"line":86,"column":22}},"type":"cond-expr","locations":[{"start":{"line":79,"column":12},"end":{"line":79,"column":48}},{"start":{"line":80,"column":12},"end":{"line":86,"column":22}}],"line":78},"5":{"loc":{"start":{"line":80,"column":12},"end":{"line":86,"column":22}},"type":"cond-expr","locations":[{"start":{"line":81,"column":14},"end":{"line":81,"column":84}},{"start":{"line":82,"column":14},"end":{"line":86,"column":22}}],"line":80},"6":{"loc":{"start":{"line":82,"column":14},"end":{"line":86,"column":22}},"type":"cond-expr","locations":[{"start":{"line":83,"column":16},"end":{"line":83,"column":87}},{"start":{"line":84,"column":16},"end":{"line":86,"column":22}}],"line":82},"7":{"loc":{"start":{"line":84,"column":16},"end":{"line":86,"column":22}},"type":"cond-expr","locations":[{"start":{"line":85,"column":18},"end":{"line":85,"column":89}},{"start":{"line":86,"column":18},"end":{"line":86,"column":22}}],"line":84}},"s":{"0":0,"1":0,"2":0,"3":0,"4":0,"5":0,"6":0,"7":0,"8":0,"9":0,"10":0,"11":0,"12":0,"13":0,"14":0,"15":0,"16":0,"17":0},"f":{"0":0,"1":0,"2":0,"3":0,"4":0,"5":0,"6":0,"7":0,"8":0,"9":0,"10":0,"11":0,"12":0},"b":{"0":[0,0],"1":[0,0],"2":[0,0],"3":[0,0],"4":[0,0],"5":[0,0],"6":[0,0],"7":[0,0]},"_coverageSchema":"1a1c01bbd47fc00a2c39e90264f33305004495a9","hash":"a54d8dc9b459ab0eda9902463fc5210e5009183c"}
,"/home/riya/social-monitoring/src/components/Dashboard/Mention/index.js": {"path":"/home/riya/social-monitoring/src/components/Dashboard/Mention/index.js","statementMap":{"0":{"start":{"line":10,"column":14},"end":{"line":54,"column":1}},"1":{"start":{"line":11,"column":31},"end":{"line":11,"column":56}},"2":{"start":{"line":13,"column":17},"end":{"line":13,"column":44}},"3":{"start":{"line":15,"column":4},"end":{"line":15,"column":69}},"4":{"start":{"line":16,"column":4},"end":{"line":52,"column":11}}},"fnMap":{"0":{"name":"(anonymous_0)","decl":{"start":{"line":10,"column":14},"end":{"line":10,"column":15}},"loc":{"start":{"line":10,"column":20},"end":{"line":54,"column":1}},"line":10}},"branchMap":{},"s":{"0":1,"1":0,"2":0,"3":0,"4":0},"f":{"0":0},"b":{},"_coverageSchema":"1a1c01bbd47fc00a2c39e90264f33305004495a9","hash":"e6dd1160b522fc9a320807d6dc6cac430406ad8c"}
,"/home/riya/social-monitoring/src/components/Dashboard/Predictor/index.js": {"path":"/home/riya/social-monitoring/src/components/Dashboard/Predictor/index.js","statementMap":{"0":{"start":{"line":9,"column":18},"end":{"line":59,"column":1}},"1":{"start":{"line":10,"column":31},"end":{"line":10,"column":56}},"2":{"start":{"line":12,"column":4},"end":{"line":12,"column":50}},"3":{"start":{"line":15,"column":17},"end":{"line":15,"column":44}},"4":{"start":{"line":17,"column":4},"end":{"line":58,"column":10}}},"fnMap":{"0":{"name":"(anonymous_0)","decl":{"start":{"line":9,"column":18},"end":{"line":9,"column":19}},"loc":{"start":{"line":9,"column":24},"end":{"line":59,"column":1}},"line":9}},"branchMap":{},"s":{"0":1,"1":0,"2":0,"3":0,"4":0},"f":{"0":0},"b":{},"_coverageSchema":"1a1c01bbd47fc00a2c39e90264f33305004495a9","hash":"76dde4065e08c35ae5f6e2660b3cee579a888fa9"}
,"/home/riya/social-monitoring/src/components/Dashboard/Sentiment/Legend.js": {"path":"/home/riya/social-monitoring/src/components/Dashboard/Sentiment/Legend.js","statementMap":{"0":{"start":{"line":5,"column":15},"end":{"line":18,"column":1}},"1":{"start":{"line":6,"column":31},"end":{"line":6,"column":56}},"2":{"start":{"line":7,"column":17},"end":{"line":7,"column":49}},"3":{"start":{"line":9,"column":19},"end":{"line":9,"column":74}},"4":{"start":{"line":11,"column":4},"end":{"line":17,"column":5}},"5":{"start":{"line":13,"column":39},"end":{"line":15,"column":68}}},"fnMap":{"0":{"name":"(anonymous_0)","decl":{"start":{"line":5,"column":15},"end":{"line":5,"column":16}},"loc":{"start":{"line":5,"column":21},"end":{"line":18,"column":1}},"line":5},"1":{"name":"(anonymous_1)","decl":{"start":{"line":13,"column":22},"end":{"line":13,"column":23}},"loc":{"start":{"line":13,"column":39},"end":{"line":15,"column":68}},"line":13}},"branchMap":{},"s":{"0":1,"1":0,"2":0,"3":0,"4":0,"5":0},"f":{"0":0,"1":0},"b":{},"_coverageSchema":"1a1c01bbd47fc00a2c39e90264f33305004495a9","hash":"505621526be311a40988f7692a3f7a677fbfb7fd"}
,"/home/riya/social-monitoring/src/components/Dashboard/Sentiment/Line.js": {"path":"/home/riya/social-monitoring/src/components/Dashboard/Sentiment/Line.js","statementMap":{"0":{"start":{"line":5,"column":18},"end":{"line":29,"column":1}},"1":{"start":{"line":6,"column":4},"end":{"line":6,"column":47}},"2":{"start":{"line":7,"column":17},"end":{"line":7,"column":34}},"3":{"start":{"line":8,"column":4},"end":{"line":28,"column":26}}},"fnMap":{"0":{"name":"(anonymous_0)","decl":{"start":{"line":5,"column":18},"end":{"line":5,"column":19}},"loc":{"start":{"line":5,"column":32},"end":{"line":29,"column":1}},"line":5}},"branchMap":{},"s":{"0":1,"1":0,"2":0,"3":0},"f":{"0":0},"b":{},"_coverageSchema":"1a1c01bbd47fc00a2c39e90264f33305004495a9","hash":"33e1c12cbb2d0721745f6da519f2d35093fe48b1"}
,"/home/riya/social-monitoring/src/components/Dashboard/Sentiment/Sentiment.js": {"path":"/home/riya/social-monitoring/src/components/Dashboard/Sentiment/Sentiment.js","statementMap":{"0":{"start":{"line":5,"column":15},"end":{"line":5,"column":70}},"1":{"start":{"line":7,"column":15},"end":{"line":7,"column":28}},"2":{"start":{"line":9,"column":18},"end":{"line":53,"column":1}},"3":{"start":{"line":10,"column":4},"end":{"line":10,"column":44}},"4":{"start":{"line":11,"column":17},"end":{"line":11,"column":32}},"5":{"start":{"line":12,"column":34},"end":{"line":27,"column":5}},"6":{"start":{"line":13,"column":23},"end":{"line":13,"column":70}},"7":{"start":{"line":14,"column":18},"end":{"line":14,"column":60}},"8":{"start":{"line":15,"column":18},"end":{"line":15,"column":60}},"9":{"start":{"line":17,"column":8},"end":{"line":26,"column":10}},"10":{"start":{"line":29,"column":4},"end":{"line":51,"column":5}},"11":{"start":{"line":45,"column":24},"end":{"line":45,"column":91}}},"fnMap":{"0":{"name":"(anonymous_0)","decl":{"start":{"line":9,"column":18},"end":{"line":9,"column":19}},"loc":{"start":{"line":9,"column":31},"end":{"line":53,"column":1}},"line":9},"1":{"name":"(anonymous_1)","decl":{"start":{"line":12,"column":34},"end":{"line":12,"column":35}},"loc":{"start":{"line":12,"column":102},"end":{"line":27,"column":5}},"line":12},"2":{"name":"(anonymous_2)","decl":{"start":{"line":44,"column":30},"end":{"line":44,"column":31}},"loc":{"start":{"line":45,"column":24},"end":{"line":45,"column":91}},"line":45}},"branchMap":{},"s":{"0":1,"1":1,"2":1,"3":0,"4":0,"5":0,"6":0,"7":0,"8":0,"9":0,"10":0,"11":0},"f":{"0":0,"1":0,"2":0},"b":{},"_coverageSchema":"1a1c01bbd47fc00a2c39e90264f33305004495a9","hash":"abb8d5b93d83b7809f07ec246aeeeadc9197e72e"}
,"/home/riya/social-monitoring/src/components/Dashboard/Sentiment/index.js": {"path":"/home/riya/social-monitoring/src/components/Dashboard/Sentiment/index.js","statementMap":{"0":{"start":{"line":11,"column":14},"end":{"line":36,"column":1}},"1":{"start":{"line":13,"column":31},"end":{"line":13,"column":56}},"2":{"start":{"line":15,"column":4},"end":{"line":35,"column":11}}},"fnMap":{"0":{"name":"(anonymous_0)","decl":{"start":{"line":11,"column":14},"end":{"line":11,"column":15}},"loc":{"start":{"line":11,"column":20},"end":{"line":36,"column":1}},"line":11}},"branchMap":{},"s":{"0":1,"1":0,"2":0},"f":{"0":0},"b":{},"_coverageSchema":"1a1c01bbd47fc00a2c39e90264f33305004495a9","hash":"1b7a0bbc4868712fe2e9fd4d8bf90e435cbfd555"}
,"/home/riya/social-monitoring/src/components/Dashboard/WordCloud/index.js": {"path":"/home/riya/social-monitoring/src/components/Dashboard/WordCloud/index.js","statementMap":{"0":{"start":{"line":8,"column":14},"end":{"line":33,"column":1}},"1":{"start":{"line":10,"column":31},"end":{"line":10,"column":56}},"2":{"start":{"line":12,"column":4},"end":{"line":12,"column":61}},"3":{"start":{"line":14,"column":18},"end":{"line":14,"column":46}},"4":{"start":{"line":15,"column":4},"end":{"line":32,"column":10}}},"fnMap":{"0":{"name":"(anonymous_0)","decl":{"start":{"line":8,"column":14},"end":{"line":8,"column":15}},"loc":{"start":{"line":8,"column":20},"end":{"line":33,"column":1}},"line":8}},"branchMap":{},"s":{"0":1,"1":0,"2":0,"3":0,"4":0},"f":{"0":0},"b":{},"_coverageSchema":"1a1c01bbd47fc00a2c39e90264f33305004495a9","hash":"59781f07b5ad76c91c0c465e413c4a86cdd850e1"}
,"/home/riya/social-monitoring/src/context/Provider.js": {"path":"/home/riya/social-monitoring/src/context/Provider.js","statementMap":{"0":{"start":{"line":7,"column":15},"end":{"line":7,"column":38}},"1":{"start":{"line":8,"column":13},"end":{"line":8,"column":38}},"2":{"start":{"line":10,"column":29},"end":{"line":10,"column":46}},"3":{"start":{"line":12,"column":30},"end":{"line":44,"column":1}},"4":{"start":{"line":13,"column":38},"end":{"line":13,"column":67}},"5":{"start":{"line":14,"column":48},"end":{"line":14,"column":87}},"6":{"start":{"line":16,"column":28},"end":{"line":16,"column":39}},"7":{"start":{"line":18,"column":20},"end":{"line":24,"column":5}},"8":{"start":{"line":19,"column":8},"end":{"line":19,"column":30}},"9":{"start":{"line":20,"column":8},"end":{"line":23,"column":11}},"10":{"start":{"line":21,"column":12},"end":{"line":21,"column":29}},"11":{"start":{"line":31,"column":4},"end":{"line":43,"column":6}}},"fnMap":{"0":{"name":"(anonymous_0)","decl":{"start":{"line":12,"column":30},"end":{"line":12,"column":31}},"loc":{"start":{"line":12,"column":48},"end":{"line":44,"column":1}},"line":12},"1":{"name":"(anonymous_1)","decl":{"start":{"line":18,"column":20},"end":{"line":18,"column":21}},"loc":{"start":{"line":18,"column":26},"end":{"line":24,"column":5}},"line":18},"2":{"name":"(anonymous_2)","decl":{"start":{"line":20,"column":29},"end":{"line":20,"column":30}},"loc":{"start":{"line":20,"column":40},"end":{"line":23,"column":9}},"line":20}},"branchMap":{},"s":{"0":3,"1":3,"2":3,"3":3,"4":3,"5":3,"6":3,"7":3,"8":0,"9":0,"10":0,"11":3},"f":{"0":3,"1":0,"2":0},"b":{},"_coverageSchema":"1a1c01bbd47fc00a2c39e90264f33305004495a9","hash":"dbcb08c072de1ad5b7d3a7c6258b59f7f896fca0"}
,"/home/riya/social-monitoring/src/context/actions/auth.js": {"path":"/home/riya/social-monitoring/src/context/actions/auth.js","statementMap":{"0":{"start":{"line":11,"column":21},"end":{"line":34,"column":1}},"1":{"start":{"line":11,"column":46},"end":{"line":34,"column":1}},"2":{"start":{"line":12,"column":2},"end":{"line":12,"column":30}},"3":{"start":{"line":14,"column":2},"end":{"line":33,"column":6}},"4":{"start":{"line":19,"column":6},"end":{"line":19,"column":40}},"5":{"start":{"line":20,"column":6},"end":{"line":20,"column":58}},"6":{"start":{"line":21,"column":6},"end":{"line":24,"column":9}},"7":{"start":{"line":25,"column":6},"end":{"line":25,"column":32}},"8":{"start":{"line":28,"column":6},"end":{"line":28,"column":31}},"9":{"start":{"line":29,"column":6},"end":{"line":32,"column":9}},"10":{"start":{"line":36,"column":22},"end":{"line":41,"column":1}},"11":{"start":{"line":38,"column":2},"end":{"line":38,"column":30}},"12":{"start":{"line":39,"column":2},"end":{"line":39,"column":24}},"13":{"start":{"line":40,"column":2},"end":{"line":40,"column":44}},"14":{"start":{"line":44,"column":22},"end":{"line":66,"column":1}},"15":{"start":{"line":44,"column":64},"end":{"line":66,"column":1}},"16":{"start":{"line":45,"column":2},"end":{"line":47,"column":5}},"17":{"start":{"line":48,"column":2},"end":{"line":48,"column":44}},"18":{"start":{"line":50,"column":2},"end":{"line":65,"column":6}},"19":{"start":{"line":57,"column":6},"end":{"line":57,"column":47}},"20":{"start":{"line":60,"column":6},"end":{"line":60,"column":34}},"21":{"start":{"line":61,"column":6},"end":{"line":64,"column":9}}},"fnMap":{"0":{"name":"(anonymous_0)","decl":{"start":{"line":11,"column":21},"end":{"line":11,"column":22}},"loc":{"start":{"line":11,"column":46},"end":{"line":34,"column":1}},"line":11},"1":{"name":"(anonymous_1)","decl":{"start":{"line":11,"column":46},"end":{"line":11,"column":47}},"loc":{"start":{"line":11,"column":60},"end":{"line":34,"column":1}},"line":11},"2":{"name":"(anonymous_2)","decl":{"start":{"line":18,"column":10},"end":{"line":18,"column":11}},"loc":{"start":{"line":18,"column":19},"end":{"line":26,"column":5}},"line":18},"3":{"name":"(anonymous_3)","decl":{"start":{"line":27,"column":11},"end":{"line":27,"column":12}},"loc":{"start":{"line":27,"column":20},"end":{"line":33,"column":5}},"line":27},"4":{"name":"(anonymous_4)","decl":{"start":{"line":36,"column":22},"end":{"line":36,"column":23}},"loc":{"start":{"line":36,"column":28},"end":{"line":41,"column":1}},"line":36},"5":{"name":"(anonymous_5)","decl":{"start":{"line":44,"column":22},"end":{"line":44,"column":23}},"loc":{"start":{"line":44,"column":64},"end":{"line":66,"column":1}},"line":44},"6":{"name":"(anonymous_6)","decl":{"start":{"line":44,"column":64},"end":{"line":44,"column":65}},"loc":{"start":{"line":44,"column":78},"end":{"line":66,"column":1}},"line":44},"7":{"name":"(anonymous_7)","decl":{"start":{"line":56,"column":10},"end":{"line":56,"column":11}},"loc":{"start":{"line":56,"column":19},"end":{"line":58,"column":5}},"line":56},"8":{"name":"(anonymous_8)","decl":{"start":{"line":59,"column":11},"end":{"line":59,"column":12}},"loc":{"start":{"line":59,"column":20},"end":{"line":65,"column":5}},"line":59}},"branchMap":{"0":{"loc":{"start":{"line":31,"column":17},"end":{"line":31,"column":71}},"type":"cond-expr","locations":[{"start":{"line":31,"column":32},"end":{"line":31,"column":49}},{"start":{"line":31,"column":52},"end":{"line":31,"column":71}}],"line":31},"1":{"loc":{"start":{"line":63,"column":17},"end":{"line":63,"column":71}},"type":"cond-expr","locations":[{"start":{"line":63,"column":32},"end":{"line":63,"column":49}},{"start":{"line":63,"column":52},"end":{"line":63,"column":71}}],"line":63}},"s":{"0":3,"1":0,"2":0,"3":0,"4":0,"5":0,"6":0,"7":0,"8":0,"9":0,"10":3,"11":0,"12":0,"13":0,"14":3,"15":0,"16":0,"17":0,"18":0,"19":0,"20":0,"21":0},"f":{"0":0,"1":0,"2":0,"3":0,"4":0,"5":0,"6":0,"7":0,"8":0},"b":{"0":[0,0],"1":[0,0]},"_coverageSchema":"1a1c01bbd47fc00a2c39e90264f33305004495a9","hash":"daa281b6b69155b11c3ac5bc56c79d73fad3b75e"}
,"/home/riya/social-monitoring/src/context/actions/dashboard.js": {"path":"/home/riya/social-monitoring/src/context/actions/dashboard.js","statementMap":{"0":{"start":{"line":14,"column":20},"end":{"line":38,"column":1}},"1":{"start":{"line":14,"column":30},"end":{"line":38,"column":1}},"2":{"start":{"line":19,"column":1},"end":{"line":37,"column":4}},"3":{"start":{"line":25,"column":3},"end":{"line":28,"column":6}},"4":{"start":{"line":29,"column":3},"end":{"line":29,"column":47}},"5":{"start":{"line":32,"column":3},"end":{"line":32,"column":31}},"6":{"start":{"line":33,"column":3},"end":{"line":36,"column":6}},"7":{"start":{"line":40,"column":24},"end":{"line":63,"column":1}},"8":{"start":{"line":40,"column":34},"end":{"line":63,"column":1}},"9":{"start":{"line":44,"column":1},"end":{"line":62,"column":4}},"10":{"start":{"line":50,"column":3},"end":{"line":53,"column":6}},"11":{"start":{"line":54,"column":3},"end":{"line":54,"column":51}},"12":{"start":{"line":57,"column":3},"end":{"line":57,"column":31}},"13":{"start":{"line":58,"column":3},"end":{"line":61,"column":6}},"14":{"start":{"line":65,"column":25},"end":{"line":89,"column":1}},"15":{"start":{"line":65,"column":35},"end":{"line":89,"column":1}},"16":{"start":{"line":70,"column":1},"end":{"line":88,"column":4}},"17":{"start":{"line":76,"column":3},"end":{"line":79,"column":5}},"18":{"start":{"line":80,"column":3},"end":{"line":80,"column":52}},"19":{"start":{"line":83,"column":3},"end":{"line":83,"column":31}},"20":{"start":{"line":84,"column":3},"end":{"line":87,"column":6}},"21":{"start":{"line":92,"column":25},"end":{"line":115,"column":1}},"22":{"start":{"line":92,"column":35},"end":{"line":115,"column":1}},"23":{"start":{"line":96,"column":1},"end":{"line":114,"column":4}},"24":{"start":{"line":102,"column":3},"end":{"line":105,"column":6}},"25":{"start":{"line":109,"column":3},"end":{"line":109,"column":31}},"26":{"start":{"line":110,"column":3},"end":{"line":113,"column":6}},"27":{"start":{"line":117,"column":29},"end":{"line":139,"column":1}},"28":{"start":{"line":117,"column":39},"end":{"line":139,"column":1}},"29":{"start":{"line":121,"column":1},"end":{"line":138,"column":4}},"30":{"start":{"line":127,"column":3},"end":{"line":130,"column":6}},"31":{"start":{"line":133,"column":3},"end":{"line":133,"column":31}},"32":{"start":{"line":134,"column":3},"end":{"line":137,"column":6}},"33":{"start":{"line":141,"column":24},"end":{"line":159,"column":1}},"34":{"start":{"line":142,"column":1},"end":{"line":158,"column":4}},"35":{"start":{"line":144,"column":3},"end":{"line":144,"column":49}},"36":{"start":{"line":145,"column":3},"end":{"line":145,"column":41}},"37":{"start":{"line":146,"column":3},"end":{"line":149,"column":6}},"38":{"start":{"line":153,"column":3},"end":{"line":153,"column":31}},"39":{"start":{"line":154,"column":3},"end":{"line":157,"column":6}}},"fnMap":{"0":{"name":"(anonymous_0)","decl":{"start":{"line":14,"column":20},"end":{"line":14,"column":21}},"loc":{"start":{"line":14,"column":30},"end":{"line":38,"column":1}},"line":14},"1":{"name":"(anonymous_1)","decl":{"start":{"line":14,"column":30},"end":{"line":14,"column":31}},"loc":{"start":{"line":14,"column":50},"end":{"line":38,"column":1}},"line":14},"2":{"name":"(anonymous_2)","decl":{"start":{"line":24,"column":8},"end":{"line":24,"column":9}},"loc":{"start":{"line":24,"column":17},"end":{"line":30,"column":3}},"line":24},"3":{"name":"(anonymous_3)","decl":{"start":{"line":31,"column":9},"end":{"line":31,"column":10}},"loc":{"start":{"line":31,"column":18},"end":{"line":37,"column":3}},"line":31},"4":{"name":"(anonymous_4)","decl":{"start":{"line":40,"column":24},"end":{"line":40,"column":25}},"loc":{"start":{"line":40,"column":34},"end":{"line":63,"column":1}},"line":40},"5":{"name":"(anonymous_5)","decl":{"start":{"line":40,"column":34},"end":{"line":40,"column":35}},"loc":{"start":{"line":40,"column":54},"end":{"line":63,"column":1}},"line":40},"6":{"name":"(anonymous_6)","decl":{"start":{"line":49,"column":8},"end":{"line":49,"column":9}},"loc":{"start":{"line":49,"column":17},"end":{"line":55,"column":3}},"line":49},"7":{"name":"(anonymous_7)","decl":{"start":{"line":56,"column":9},"end":{"line":56,"column":10}},"loc":{"start":{"line":56,"column":18},"end":{"line":62,"column":3}},"line":56},"8":{"name":"(anonymous_8)","decl":{"start":{"line":65,"column":25},"end":{"line":65,"column":26}},"loc":{"start":{"line":65,"column":35},"end":{"line":89,"column":1}},"line":65},"9":{"name":"(anonymous_9)","decl":{"start":{"line":65,"column":35},"end":{"line":65,"column":36}},"loc":{"start":{"line":65,"column":55},"end":{"line":89,"column":1}},"line":65},"10":{"name":"(anonymous_10)","decl":{"start":{"line":75,"column":8},"end":{"line":75,"column":9}},"loc":{"start":{"line":75,"column":17},"end":{"line":81,"column":3}},"line":75},"11":{"name":"(anonymous_11)","decl":{"start":{"line":82,"column":9},"end":{"line":82,"column":10}},"loc":{"start":{"line":82,"column":18},"end":{"line":88,"column":3}},"line":82},"12":{"name":"(anonymous_12)","decl":{"start":{"line":92,"column":25},"end":{"line":92,"column":26}},"loc":{"start":{"line":92,"column":35},"end":{"line":115,"column":1}},"line":92},"13":{"name":"(anonymous_13)","decl":{"start":{"line":92,"column":35},"end":{"line":92,"column":36}},"loc":{"start":{"line":92,"column":55},"end":{"line":115,"column":1}},"line":92},"14":{"name":"(anonymous_14)","decl":{"start":{"line":101,"column":8},"end":{"line":101,"column":9}},"loc":{"start":{"line":101,"column":17},"end":{"line":107,"column":3}},"line":101},"15":{"name":"(anonymous_15)","decl":{"start":{"line":108,"column":9},"end":{"line":108,"column":10}},"loc":{"start":{"line":108,"column":18},"end":{"line":114,"column":3}},"line":108},"16":{"name":"(anonymous_16)","decl":{"start":{"line":117,"column":29},"end":{"line":117,"column":30}},"loc":{"start":{"line":117,"column":39},"end":{"line":139,"column":1}},"line":117},"17":{"name":"(anonymous_17)","decl":{"start":{"line":117,"column":39},"end":{"line":117,"column":40}},"loc":{"start":{"line":117,"column":59},"end":{"line":139,"column":1}},"line":117},"18":{"name":"(anonymous_18)","decl":{"start":{"line":126,"column":8},"end":{"line":126,"column":9}},"loc":{"start":{"line":126,"column":17},"end":{"line":131,"column":3}},"line":126},"19":{"name":"(anonymous_19)","decl":{"start":{"line":132,"column":9},"end":{"line":132,"column":10}},"loc":{"start":{"line":132,"column":18},"end":{"line":138,"column":3}},"line":132},"20":{"name":"(anonymous_20)","decl":{"start":{"line":141,"column":24},"end":{"line":141,"column":25}},"loc":{"start":{"line":141,"column":38},"end":{"line":159,"column":1}},"line":141},"21":{"name":"(anonymous_21)","decl":{"start":{"line":143,"column":8},"end":{"line":143,"column":9}},"loc":{"start":{"line":143,"column":17},"end":{"line":151,"column":3}},"line":143},"22":{"name":"(anonymous_22)","decl":{"start":{"line":152,"column":9},"end":{"line":152,"column":10}},"loc":{"start":{"line":152,"column":18},"end":{"line":158,"column":3}},"line":152}},"branchMap":{"0":{"loc":{"start":{"line":35,"column":13},"end":{"line":35,"column":67}},"type":"cond-expr","locations":[{"start":{"line":35,"column":28},"end":{"line":35,"column":45}},{"start":{"line":35,"column":48},"end":{"line":35,"column":67}}],"line":35},"1":{"loc":{"start":{"line":60,"column":13},"end":{"line":60,"column":67}},"type":"cond-expr","locations":[{"start":{"line":60,"column":28},"end":{"line":60,"column":45}},{"start":{"line":60,"column":48},"end":{"line":60,"column":67}}],"line":60},"2":{"loc":{"start":{"line":86,"column":13},"end":{"line":86,"column":67}},"type":"cond-expr","locations":[{"start":{"line":86,"column":28},"end":{"line":86,"column":45}},{"start":{"line":86,"column":48},"end":{"line":86,"column":67}}],"line":86},"3":{"loc":{"start":{"line":112,"column":13},"end":{"line":112,"column":67}},"type":"cond-expr","locations":[{"start":{"line":112,"column":28},"end":{"line":112,"column":45}},{"start":{"line":112,"column":48},"end":{"line":112,"column":67}}],"line":112},"4":{"loc":{"start":{"line":136,"column":13},"end":{"line":136,"column":67}},"type":"cond-expr","locations":[{"start":{"line":136,"column":28},"end":{"line":136,"column":45}},{"start":{"line":136,"column":48},"end":{"line":136,"column":67}}],"line":136},"5":{"loc":{"start":{"line":156,"column":13},"end":{"line":156,"column":67}},"type":"cond-expr","locations":[{"start":{"line":156,"column":28},"end":{"line":156,"column":45}},{"start":{"line":156,"column":48},"end":{"line":156,"column":67}}],"line":156}},"s":{"0":1,"1":1,"2":1,"3":0,"4":0,"5":0,"6":0,"7":1,"8":1,"9":1,"10":0,"11":0,"12":0,"13":0,"14":1,"15":1,"16":1,"17":0,"18":0,"19":0,"20":0,"21":1,"22":1,"23":1,"24":0,"25":0,"26":0,"27":1,"28":1,"29":1,"30":0,"31":0,"32":0,"33":1,"34":1,"35":0,"36":0,"37":0,"38":0,"39":0},"f":{"0":1,"1":1,"2":0,"3":0,"4":1,"5":1,"6":0,"7":0,"8":1,"9":1,"10":0,"11":0,"12":1,"13":1,"14":0,"15":0,"16":1,"17":1,"18":0,"19":0,"20":1,"21":0,"22":0},"b":{"0":[0,0],"1":[0,0],"2":[0,0],"3":[0,0],"4":[0,0],"5":[0,0]},"_coverageSchema":"1a1c01bbd47fc00a2c39e90264f33305004495a9","hash":"70d1577253fecca949ccb3f8b91e710ede295b39"}
,"/home/riya/social-monitoring/src/context/reducers/dashboard.js": {"path":"/home/riya/social-monitoring/src/context/reducers/dashboard.js","statementMap":{"0":{"start":{"line":12,"column":18},"end":{"line":67,"column":1}},"1":{"start":{"line":13,"column":2},"end":{"line":66,"column":3}},"2":{"start":{"line":15,"column":6},"end":{"line":15,"column":53}},"3":{"start":{"line":16,"column":6},"end":{"line":20,"column":7}},"4":{"start":{"line":22,"column":6},"end":{"line":29,"column":7}},"5":{"start":{"line":31,"column":6},"end":{"line":35,"column":7}},"6":{"start":{"line":37,"column":6},"end":{"line":41,"column":7}},"7":{"start":{"line":43,"column":6},"end":{"line":47,"column":7}},"8":{"start":{"line":49,"column":6},"end":{"line":53,"column":7}},"9":{"start":{"line":55,"column":6},"end":{"line":55,"column":42}},"10":{"start":{"line":56,"column":6},"end":{"line":59,"column":7}},"11":{"start":{"line":61,"column":6},"end":{"line":63,"column":7}},"12":{"start":{"line":65,"column":6},"end":{"line":65,"column":19}}},"fnMap":{"0":{"name":"(anonymous_0)","decl":{"start":{"line":12,"column":18},"end":{"line":12,"column":19}},"loc":{"start":{"line":12,"column":48},"end":{"line":67,"column":1}},"line":12}},"branchMap":{"0":{"loc":{"start":{"line":13,"column":2},"end":{"line":66,"column":3}},"type":"switch","locations":[{"start":{"line":14,"column":4},"end":{"line":20,"column":7}},{"start":{"line":21,"column":4},"end":{"line":29,"column":7}},{"start":{"line":30,"column":4},"end":{"line":35,"column":7}},{"start":{"line":36,"column":4},"end":{"line":41,"column":7}},{"start":{"line":42,"column":4},"end":{"line":47,"column":7}},{"start":{"line":48,"column":4},"end":{"line":53,"column":7}},{"start":{"line":54,"column":4},"end":{"line":59,"column":7}},{"start":{"line":60,"column":4},"end":{"line":63,"column":7}},{"start":{"line":64,"column":4},"end":{"line":65,"column":19}}],"line":13}},"s":{"0":3,"1":0,"2":0,"3":0,"4":0,"5":0,"6":0,"7":0,"8":0,"9":0,"10":0,"11":0,"12":0},"f":{"0":0},"b":{"0":[0,0,0,0,0,0,0,0,0]},"_coverageSchema":"1a1c01bbd47fc00a2c39e90264f33305004495a9","hash":"af3b02aa8a5c53235b321baaa8c9940355848783"}
,"/home/riya/social-monitoring/src/helpers/AxiosInstance.js": {"path":"/home/riya/social-monitoring/src/helpers/AxiosInstance.js","statementMap":{"0":{"start":{"line":3,"column":14},"end":{"line":3,"column":52}},"1":{"start":{"line":4,"column":13},"end":{"line":4,"column":41}},"2":{"start":{"line":5,"column":0},"end":{"line":5,"column":34}},"3":{"start":{"line":7,"column":22},"end":{"line":16,"column":2}}},"fnMap":{},"branchMap":{},"s":{"0":1,"1":1,"2":1,"3":1},"f":{},"b":{},"_coverageSchema":"1a1c01bbd47fc00a2c39e90264f33305004495a9","hash":"6855ce264c3d903d76110afe390a24ca4d35ff09"}
}
