TN:
SF:src/App.js
FN:8,App
FNF:1
FNH:1
FNDA:1,App
DA:10,1
LF:1
LH:1
BRDA:12,0,0,1
BRDA:12,0,1,0
BRDA:12,1,0,1
BRDA:12,1,1,1
BRDA:12,1,2,0
BRDA:20,2,0,0
BRDA:20,2,1,0
BRF:7
BRH:3
end_of_record
TN:
SF:src/components/Home.js
FN:4,(anonymous_0)
FNF:1
FNH:0
FNDA:0,(anonymous_0)
DA:4,0
DA:5,0
LF:2
LH:0
BRF:0
BRH:0
end_of_record
TN:
SF:src/components/Auth/Login.js
FN:17,(anonymous_0)
FN:24,(anonymous_1)
FN:36,(anonymous_2)
FN:37,(anonymous_3)
FN:43,(anonymous_4)
FN:49,(anonymous_5)
FN:57,(anonymous_6)
FN:76,(anonymous_7)
FN:80,(anonymous_8)
FN:84,(anonymous_9)
FNF:10
FNH:5
FNDA:3,(anonymous_0)
FNDA:0,(anonymous_1)
FNDA:2,(anonymous_2)
FNDA:0,(anonymous_3)
FNDA:2,(anonymous_4)
FNDA:1,(anonymous_5)
FNDA:0,(anonymous_6)
FNDA:0,(anonymous_7)
FNDA:1,(anonymous_8)
FNDA:0,(anonymous_9)
DA:17,1
DA:18,3
DA:19,3
DA:24,3
DA:34,3
DA:36,3
DA:37,2
DA:38,0
DA:39,0
DA:43,3
DA:44,2
DA:45,0
DA:49,3
DA:50,1
DA:51,1
DA:57,3
DA:58,0
DA:59,0
DA:63,3
DA:76,0
DA:80,1
DA:84,0
LF:22
LH:15
BRDA:39,0,0,0
BRDA:39,0,1,0
BRDA:44,1,0,0
BRDA:44,1,1,2
BRDA:69,2,0,3
BRDA:69,2,1,0
BRDA:70,3,0,3
BRDA:70,3,1,0
BRDA:84,4,0,3
BRDA:84,4,1,0
BRDA:84,5,0,3
BRDA:84,5,1,0
BRDA:84,6,0,3
BRDA:84,6,1,0
BRF:14
BRH:6
end_of_record
TN:
SF:src/components/Dashboard/index.js
FN:17,(anonymous_0)
FN:21,(anonymous_1)
FN:25,(anonymous_2)
FNF:3
FNH:3
FNDA:1,(anonymous_0)
FNDA:1,(anonymous_1)
FNDA:1,(anonymous_2)
DA:17,1
DA:18,1
DA:19,1
DA:21,1
DA:22,1
DA:25,1
DA:26,1
DA:35,1
DA:36,1
DA:37,1
DA:38,1
DA:39,1
DA:42,1
LF:13
LH:13
BRDA:44,0,0,0
BRDA:44,0,1,1
BRDA:44,1,0,1
BRDA:44,1,1,0
BRDA:44,1,2,0
BRDA:44,1,3,0
BRDA:44,1,4,0
BRDA:44,1,5,0
BRF:8
BRH:2
end_of_record
TN:
SF:src/components/Dashboard/Buzz/BuzzBody.js
FN:11,BuzzBody
FN:12,(anonymous_1)
FNF:2
FNH:0
FNDA:0,BuzzBody
FNDA:0,(anonymous_1)
DA:12,0
DA:13,0
DA:15,0
DA:17,0
DA:19,0
DA:22,0
LF:6
LH:0
BRDA:13,0,0,0
BRDA:13,0,1,0
BRDA:13,0,2,0
BRF:3
BRH:0
end_of_record
TN:
SF:src/components/Dashboard/Buzz/index.js
FN:16,Index
FN:19,(anonymous_1)
FN:47,(anonymous_2)
FN:55,(anonymous_3)
FN:63,(anonymous_4)
FN:71,(anonymous_5)
FN:79,(anonymous_6)
FN:81,(anonymous_7)
FN:81,(anonymous_8)
FN:83,(anonymous_9)
FN:83,(anonymous_10)
FN:85,(anonymous_11)
FN:85,(anonymous_12)
FNF:13
FNH:0
FNDA:0,Index
FNDA:0,(anonymous_1)
FNDA:0,(anonymous_2)
FNDA:0,(anonymous_3)
FNDA:0,(anonymous_4)
FNDA:0,(anonymous_5)
FNDA:0,(anonymous_6)
FNDA:0,(anonymous_7)
FNDA:0,(anonymous_8)
FNDA:0,(anonymous_9)
FNDA:0,(anonymous_10)
FNDA:0,(anonymous_11)
FNDA:0,(anonymous_12)
DA:17,0
DA:19,0
DA:20,0
DA:23,0
DA:25,0
DA:27,0
DA:29,0
DA:47,0
DA:55,0
DA:63,0
DA:71,0
DA:79,0
DA:81,0
DA:83,0
DA:85,0
LF:15
LH:0
BRDA:46,0,0,0
BRDA:46,0,1,0
BRDA:54,1,0,0
BRDA:54,1,1,0
BRDA:62,2,0,0
BRDA:62,2,1,0
BRDA:70,3,0,0
BRDA:70,3,1,0
BRDA:78,4,0,0
BRDA:78,4,1,0
BRDA:80,5,0,0
BRDA:80,5,1,0
BRDA:82,6,0,0
BRDA:82,6,1,0
BRDA:84,7,0,0
BRDA:84,7,1,0
BRF:16
BRH:0
end_of_record
TN:
SF:src/components/Dashboard/Mention/index.js
FN:10,(anonymous_0)
FNF:1
FNH:0
FNDA:0,(anonymous_0)
DA:10,1
DA:11,0
DA:13,0
DA:15,0
DA:16,0
LF:5
LH:1
BRF:0
BRH:0
end_of_record
TN:
SF:src/components/Dashboard/Predictor/index.js
FN:9,(anonymous_0)
FNF:1
FNH:0
FNDA:0,(anonymous_0)
DA:9,1
DA:10,0
DA:12,0
DA:15,0
DA:17,0
LF:5
LH:1
BRF:0
BRH:0
end_of_record
TN:
SF:src/components/Dashboard/Sentiment/Legend.js
FN:5,(anonymous_0)
FN:13,(anonymous_1)
FNF:2
FNH:0
FNDA:0,(anonymous_0)
FNDA:0,(anonymous_1)
DA:5,1
DA:6,0
DA:7,0
DA:9,0
DA:11,0
DA:13,0
LF:6
LH:1
BRF:0
BRH:0
end_of_record
TN:
SF:src/components/Dashboard/Sentiment/Line.js
FN:5,(anonymous_0)
FNF:1
FNH:0
FNDA:0,(anonymous_0)
DA:5,1
DA:6,0
DA:7,0
DA:8,0
LF:4
LH:1
BRF:0
BRH:0
end_of_record
TN:
SF:src/components/Dashboard/Sentiment/Sentiment.js
FN:9,(anonymous_0)
FN:12,(anonymous_1)
FN:44,(anonymous_2)
FNF:3
FNH:0
FNDA:0,(anonymous_0)
FNDA:0,(anonymous_1)
FNDA:0,(anonymous_2)
DA:5,1
DA:7,1
DA:9,1
DA:10,0
DA:11,0
DA:12,0
DA:13,0
DA:14,0
DA:15,0
DA:17,0
DA:29,0
DA:45,0
LF:12
LH:3
BRF:0
BRH:0
end_of_record
TN:
SF:src/components/Dashboard/Sentiment/index.js
FN:11,(anonymous_0)
FNF:1
FNH:0
FNDA:0,(anonymous_0)
DA:11,1
DA:13,0
DA:15,0
LF:3
LH:1
BRF:0
BRH:0
end_of_record
TN:
SF:src/components/Dashboard/WordCloud/index.js
FN:8,(anonymous_0)
FNF:1
FNH:0
FNDA:0,(anonymous_0)
DA:8,1
DA:10,0
DA:12,0
DA:14,0
DA:15,0
LF:5
LH:1
BRF:0
BRH:0
end_of_record
TN:
SF:src/context/Provider.js
FN:12,(anonymous_0)
FN:18,(anonymous_1)
FN:20,(anonymous_2)
FNF:3
FNH:1
FNDA:3,(anonymous_0)
FNDA:0,(anonymous_1)
FNDA:0,(anonymous_2)
DA:7,3
DA:8,3
DA:10,3
DA:12,3
DA:13,3
DA:14,3
DA:16,3
DA:18,3
DA:19,0
DA:20,0
DA:21,0
DA:31,3
LF:12
LH:9
BRF:0
BRH:0
end_of_record
TN:
SF:src/context/actions/auth.js
FN:11,(anonymous_0)
FN:11,(anonymous_1)
FN:18,(anonymous_2)
FN:27,(anonymous_3)
FN:36,(anonymous_4)
FN:44,(anonymous_5)
FN:44,(anonymous_6)
FN:56,(anonymous_7)
FN:59,(anonymous_8)
FNF:9
FNH:0
FNDA:0,(anonymous_0)
FNDA:0,(anonymous_1)
FNDA:0,(anonymous_2)
FNDA:0,(anonymous_3)
FNDA:0,(anonymous_4)
FNDA:0,(anonymous_5)
FNDA:0,(anonymous_6)
FNDA:0,(anonymous_7)
FNDA:0,(anonymous_8)
DA:11,3
DA:12,0
DA:14,0
DA:19,0
DA:20,0
DA:21,0
DA:25,0
DA:28,0
DA:29,0
DA:36,3
DA:38,0
DA:39,0
DA:40,0
DA:44,3
DA:45,0
DA:48,0
DA:50,0
DA:57,0
DA:60,0
DA:61,0
LF:20
LH:3
BRDA:31,0,0,0
BRDA:31,0,1,0
BRDA:63,1,0,0
BRDA:63,1,1,0
BRF:4
BRH:0
end_of_record
TN:
SF:src/context/actions/dashboard.js
FN:14,(anonymous_0)
FN:14,(anonymous_1)
FN:24,(anonymous_2)
FN:31,(anonymous_3)
FN:40,(anonymous_4)
FN:40,(anonymous_5)
FN:49,(anonymous_6)
FN:56,(anonymous_7)
FN:65,(anonymous_8)
FN:65,(anonymous_9)
FN:75,(anonymous_10)
FN:82,(anonymous_11)
FN:92,(anonymous_12)
FN:92,(anonymous_13)
FN:101,(anonymous_14)
FN:108,(anonymous_15)
FN:117,(anonymous_16)
FN:117,(anonymous_17)
FN:126,(anonymous_18)
FN:132,(anonymous_19)
FN:141,(anonymous_20)
FN:143,(anonymous_21)
FN:152,(anonymous_22)
FNF:23
FNH:11
FNDA:1,(anonymous_0)
FNDA:1,(anonymous_1)
FNDA:0,(anonymous_2)
FNDA:0,(anonymous_3)
FNDA:1,(anonymous_4)
FNDA:1,(anonymous_5)
FNDA:0,(anonymous_6)
FNDA:0,(anonymous_7)
FNDA:1,(anonymous_8)
FNDA:1,(anonymous_9)
FNDA:0,(anonymous_10)
FNDA:0,(anonymous_11)
FNDA:1,(anonymous_12)
FNDA:1,(anonymous_13)
FNDA:0,(anonymous_14)
FNDA:0,(anonymous_15)
FNDA:1,(anonymous_16)
FNDA:1,(anonymous_17)
FNDA:0,(anonymous_18)
FNDA:0,(anonymous_19)
FNDA:1,(anonymous_20)
FNDA:0,(anonymous_21)
FNDA:0,(anonymous_22)
DA:14,1
DA:19,1
DA:25,0
DA:29,0
DA:32,0
DA:33,0
DA:40,1
DA:44,1
DA:50,0
DA:54,0
DA:57,0
DA:58,0
DA:65,1
DA:70,1
DA:76,0
DA:80,0
DA:83,0
DA:84,0
DA:92,1
DA:96,1
DA:102,0
DA:109,0
DA:110,0
DA:117,1
DA:121,1
DA:127,0
DA:133,0
DA:134,0
DA:141,1
DA:142,1
DA:144,0
DA:145,0
DA:146,0
DA:153,0
DA:154,0
LF:35
LH:12
BRDA:35,0,0,0
BRDA:35,0,1,0
BRDA:60,1,0,0
BRDA:60,1,1,0
BRDA:86,2,0,0
BRDA:86,2,1,0
BRDA:112,3,0,0
BRDA:112,3,1,0
BRDA:136,4,0,0
BRDA:136,4,1,0
BRDA:156,5,0,0
BRDA:156,5,1,0
BRF:12
BRH:0
end_of_record
TN:
SF:src/context/reducers/dashboard.js
FN:12,(anonymous_0)
FNF:1
FNH:0
FNDA:0,(anonymous_0)
DA:12,3
DA:13,0
DA:15,0
DA:16,0
DA:22,0
DA:31,0
DA:37,0
DA:43,0
DA:49,0
DA:55,0
DA:56,0
DA:61,0
DA:65,0
LF:13
LH:1
BRDA:13,0,0,0
BRDA:13,0,1,0
BRDA:13,0,2,0
BRDA:13,0,3,0
BRDA:13,0,4,0
BRDA:13,0,5,0
BRDA:13,0,6,0
BRDA:13,0,7,0
BRDA:13,0,8,0
BRF:9
BRH:0
end_of_record
TN:
SF:src/helpers/AxiosInstance.js
FNF:0
FNH:0
DA:3,1
DA:4,1
DA:5,1
DA:7,1
LF:4
LH:4
BRF:0
BRH:0
end_of_record
